Started at Sun Mar 06 05:28:16 UTC 2022
Processing GithubPlugin-test-job
Offering GithubPlugin-test-job to Project Build Discarder
Processing Github連携テスト
Offering Github連携テスト to Project Build Discarder
Processing GitPlugin-test-job
Offering GitPlugin-test-job to Project Build Discarder
Processing Sample Job
Offering Sample Job to Project Build Discarder
Finished at Sun Mar 06 05:28:17 UTC 2022. 204ms
Started at Sun Mar 06 06:28:16 UTC 2022
Processing GithubPlugin-test-job
Offering GithubPlugin-test-job to Project Build Discarder
Processing Github連携テスト
Offering Github連携テスト to Project Build Discarder
Processing GitPlugin-test-job
Offering GitPlugin-test-job to Project Build Discarder
Processing Sample Job
Offering Sample Job to Project Build Discarder
Finished at Sun Mar 06 06:28:16 UTC 2022. 44ms
Started at Sun Mar 06 07:28:16 UTC 2022
Processing GithubPlugin-test-job
Offering GithubPlugin-test-job to Project Build Discarder
Processing Github連携テスト
Offering Github連携テスト to Project Build Discarder
Processing GitPlugin-test-job
Offering GitPlugin-test-job to Project Build Discarder
Processing Sample Job
Offering Sample Job to Project Build Discarder
Finished at Sun Mar 06 07:28:16 UTC 2022. 34ms
Started at Sun Mar 06 08:28:16 UTC 2022
Processing GithubPlugin-test-job
Offering GithubPlugin-test-job to Project Build Discarder
Processing Github連携テスト
Offering Github連携テスト to Project Build Discarder
Processing GitPlugin-test-job
Offering GitPlugin-test-job to Project Build Discarder
Processing Sample Job
Offering Sample Job to Project Build Discarder
Finished at Sun Mar 06 08:28:16 UTC 2022. 34ms
Started at Sun Mar 06 09:28:16 UTC 2022
Processing GithubPlugin-test-job
Offering GithubPlugin-test-job to Project Build Discarder
Processing Github連携テスト
Offering Github連携テスト to Project Build Discarder
Processing GitPlugin-test-job
Offering GitPlugin-test-job to Project Build Discarder
Processing Sample Job
Offering Sample Job to Project Build Discarder
Finished at Sun Mar 06 09:28:16 UTC 2022. 41ms
Started at Sun Mar 06 10:28:16 UTC 2022
Processing GithubPlugin-test-job
Offering GithubPlugin-test-job to Project Build Discarder
Processing Github連携テスト
Offering Github連携テスト to Project Build Discarder
Processing GitPlugin-test-job
Offering GitPlugin-test-job to Project Build Discarder
Processing Sample Job
Offering Sample Job to Project Build Discarder
Finished at Sun Mar 06 10:28:16 UTC 2022. 42ms
Started at Sun Mar 06 11:28:16 UTC 2022
Processing GithubPlugin-test-job
Offering GithubPlugin-test-job to Project Build Discarder
Processing Github連携テスト
Offering Github連携テスト to Project Build Discarder
Processing GitPlugin-test-job
Offering GitPlugin-test-job to Project Build Discarder
Processing Sample Job
Offering Sample Job to Project Build Discarder
Finished at Sun Mar 06 11:28:16 UTC 2022. 39ms
Started at Sun Mar 06 12:28:16 UTC 2022
Processing Client-Test
Offering Client-Test to Project Build Discarder
Client-Test accepted by Project Build Discarder
Processing GithubPlugin-test-job
Offering GithubPlugin-test-job to Project Build Discarder
Processing Github連携テスト
Offering Github連携テスト to Project Build Discarder
Processing GitPlugin-test-job
Offering GitPlugin-test-job to Project Build Discarder
Processing Sample Job
Offering Sample Job to Project Build Discarder
Finished at Sun Mar 06 12:28:16 UTC 2022. 18ms
Started at Sun Mar 06 13:28:16 UTC 2022
Processing Client-Test
Offering Client-Test to Project Build Discarder
Client-Test accepted by Project Build Discarder
Processing GithubPlugin-test-job
Offering GithubPlugin-test-job to Project Build Discarder
Processing Github連携テスト
Offering Github連携テスト to Project Build Discarder
Processing GitPlugin-test-job
Offering GitPlugin-test-job to Project Build Discarder
Processing Sample Job
Offering Sample Job to Project Build Discarder
Finished at Sun Mar 06 13:28:16 UTC 2022. 45ms
Started at Sun Mar 06 14:28:16 UTC 2022
Processing Client-Test
Offering Client-Test to Project Build Discarder
Client-Test accepted by Project Build Discarder
Processing GithubPlugin-test-job
Offering GithubPlugin-test-job to Project Build Discarder
Processing Github連携テスト
Offering Github連携テスト to Project Build Discarder
Processing GitPlugin-test-job
Offering GitPlugin-test-job to Project Build Discarder
Processing Sample Job
Offering Sample Job to Project Build Discarder
Finished at Sun Mar 06 14:28:16 UTC 2022. 34ms
